<?xml version="1.0" encoding="UTF-8"?>
<!-- Generated by org.testng.reporters.JUnitReportReporter -->
<testsuite hostname="DESKTOP-NQFGPM3" failures="0" tests="2" name="qaSandBox.Test3" time="8.512" errors="0" timestamp="2019-09-23T16:27:24 CEST" skipped="0">
  <testcase classname="qaSandBox.Test3" name="one" time="1.348"/>
  <testcase classname="qaSandBox.Test3" name="two" time="7.164"/>
</testsuite> <!-- qaSandBox.Test3 -->
