<?xml version="1.0" encoding="UTF-8"?>
<!-- Generated by org.testng.reporters.JUnitReportReporter -->
<testsuite hostname="DESKTOP-NQFGPM3" failures="0" tests="2" name="qaSandBox.Test4" time="5.564" errors="0" timestamp="2019-09-23T16:28:19 CEST" skipped="0">
  <testcase classname="qaSandBox.Test4" name="two" time="4.262"/>
  <testcase classname="qaSandBox.Test4" name="one" time="1.302"/>
</testsuite> <!-- qaSandBox.Test4 -->
