<?xml version="1.0" encoding="UTF-8"?>
<!-- Generated by org.testng.reporters.JUnitReportReporter -->
<testsuite hostname="DESKTOP-NQFGPM3" failures="0" tests="1" name="qaSandBox.Test5" time="13.259" errors="0" timestamp="2019-09-23T16:29:21 CEST" skipped="0">
  <testcase classname="qaSandBox.Test5" name="one" time="13.259"/>
</testsuite> <!-- qaSandBox.Test5 -->
