<?xml version="1.0" encoding="UTF-8"?>
<!-- Generated by org.testng.reporters.JUnitReportReporter -->
<testsuite hostname="DESKTOP-NQFGPM3" failures="0" tests="2" name="qaSandBox.Test2" time="7.987" errors="0" timestamp="2019-09-23T16:26:31 CEST" skipped="0">
  <testcase classname="qaSandBox.Test2" name="one" time="4.182"/>
  <testcase classname="qaSandBox.Test2" name="two" time="3.805"/>
</testsuite> <!-- qaSandBox.Test2 -->
