<?xml version="1.0" encoding="UTF-8"?>
<!-- Generated by org.testng.reporters.JUnitReportReporter -->
<testsuite hostname="DESKTOP-NQFGPM3" failures="0" tests="2" name="qaSandBox.Test1" time="5.810" errors="0" timestamp="2019-09-23T16:26:11 CEST" skipped="0">
  <testcase classname="qaSandBox.Test1" name="one" time="2.133"/>
  <testcase classname="qaSandBox.Test1" name="two" time="3.677"/>
</testsuite> <!-- qaSandBox.Test1 -->
